<?xml version="1.0" encoding="UTF-8"?>
<!-- Generated by org.testng.reporters.JUnitReportReporter -->
<testsuite hostname="LAPTOP-JJLOS5M5" failures="0" tests="1" name="orange_hrm_webside.AdminPage" time="38.725" errors="0" timestamp="2024-11-16T00:15:52 IST" skipped="0">
  <testcase classname="orange_hrm_webside.AdminPage" name="test2" time="38.725"/>
  <system-out/>
</testsuite> <!-- orange_hrm_webside.AdminPage -->
